<?xml version="1.0" encoding="UTF-8"?>
<testsuite xmlns:xsi="http://www.w3.org/2001/XMLSchema-instance" xsi:noNamespaceSchemaLocation="https://maven.apache.org/surefire/maven-surefire-plugin/xsd/surefire-test-report-3.0.xsd" version="3.0" name="TestRunner.Run" time="1.198" tests="1" errors="0" skipped="0" failures="1">
  <properties>
[...]
</properties>
  <testcase name="setUpClass[org.testng.TestRunner@134d26af](0)" classname="TestRunner.Run" time="1.006">
    <failure message="The plugin specification &apos;com.avenstack.extentreports.cucumber.adapter.ExtentCucumberAdapter:&apos; has a problem:&#10;&#10;Could not load plugin class &apos;com.avenstack.extentreports.cucumber.adapter.ExtentCucumberAdapter&apos;.&#10;&#10;Plugin specifications should have the format of PLUGIN[:[PATH|[URI [OPTIONS]]]&#10;&#10;Valid values for PLUGIN are: html, json, junit, message, pretty, progress, rerun, summary, teamcity, testng, timeline, unused, usage&#10;&#10;PLUGIN can also be a fully qualified class name, allowing registration of 3rd party plugins. The 3rd party plugin must implement io.cucumber.plugin.Plugin" type="java.lang.IllegalArgumentException"><![CDATA[java.lang.IllegalArgumentException: 
The plugin specification 'com.avenstack.extentreports.cucumber.adapter.ExtentCucumberAdapter:' has a problem:

Could not load plugin class 'com.avenstack.extentreports.cucumber.adapter.ExtentCucumberAdapter'.

Plugin specifications should have the format of PLUGIN[:[PATH|[URI [OPTIONS]]]

Valid values for PLUGIN are: html, json, junit, message, pretty, progress, rerun, summary, teamcity, testng, timeline, unused, usage

PLUGIN can also be a fully qualified class name, allowing registration of 3rd party plugins. The 3rd party plugin must implement io.cucumber.plugin.Plugin
	at io.cucumber.core.options.PluginOption.createCouldNotLoadClass(PluginOption.java:167)
	at io.cucumber.core.options.PluginOption.parsePluginName(PluginOption.java:145)
	at io.cucumber.core.options.PluginOption.parse(PluginOption.java:104)
	at io.cucumber.core.options.RuntimeOptionsBuilder.addPluginName(RuntimeOptionsBuilder.java:68)
	at io.cucumber.core.options.CucumberOptionsAnnotationParser.addPlugins(CucumberOptionsAnnotationParser.java:85)
	at io.cucumber.core.options.CucumberOptionsAnnotationParser.parse(CucumberOptionsAnnotationParser.java:39)
	at io.cucumber.testng.TestNGCucumberRunner.<init>(TestNGCucumberRunner.java:85)
	at io.cucumber.testng.AbstractTestNGCucumberTests.setUpClass(AbstractTestNGCucumberTests.java:27)
	at java.base/jdk.internal.reflect.NativeMethodAccessorImpl.invoke0(Native Method)
	at java.base/jdk.internal.reflect.NativeMethodAccessorImpl.invoke(NativeMethodAccessorImpl.java:77)
	at java.base/jdk.internal.reflect.DelegatingMethodAccessorImpl.invoke(DelegatingMethodAccessorImpl.java:43)
	at java.base/java.lang.reflect.Method.invoke(Method.java:568)
	at org.testng.internal.invokers.MethodInvocationHelper.invokeMethod(MethodInvocationHelper.java:139)
	at org.testng.internal.invokers.MethodInvocationHelper.invokeMethodConsideringTimeout(MethodInvocationHelper.java:69)
	at org.testng.internal.invokers.ConfigInvoker.invokeConfigurationMethod(ConfigInvoker.java:390)
	at org.testng.internal.invokers.ConfigInvoker.invokeConfigurations(ConfigInvoker.java:325)
	at org.testng.internal.invokers.TestMethodWorker.invokeBeforeClassMethods(TestMethodWorker.java:180)
	at org.testng.internal.invokers.TestMethodWorker.run(TestMethodWorker.java:122)
	at java.base/java.util.ArrayList.forEach(ArrayList.java:1511)
	at org.testng.TestRunner.privateRun(TestRunner.java:848)
	at org.testng.TestRunner.run(TestRunner.java:621)
	at org.testng.SuiteRunner.runTest(SuiteRunner.java:443)
	at org.testng.SuiteRunner.runSequentially(SuiteRunner.java:437)
	at org.testng.SuiteRunner.privateRun(SuiteRunner.java:397)
	at org.testng.SuiteRunner.run(SuiteRunner.java:336)
	at org.testng.SuiteRunnerWorker.runSuite(SuiteRunnerWorker.java:52)
	at org.testng.SuiteRunnerWorker.run(SuiteRunnerWorker.java:95)
	at org.testng.TestNG.runSuitesSequentially(TestNG.java:1280)
	at org.testng.TestNG.runSuitesLocally(TestNG.java:1200)
	at org.testng.TestNG.runSuites(TestNG.java:1114)
	at org.testng.TestNG.run(TestNG.java:1082)
	at org.apache.maven.surefire.testng.TestNGExecutor.run(TestNGExecutor.java:155)
	at org.apache.maven.surefire.testng.TestNGDirectoryTestSuite.executeSingleClass(TestNGDirectoryTestSuite.java:102)
	at org.apache.maven.surefire.testng.TestNGDirectoryTestSuite.execute(TestNGDirectoryTestSuite.java:91)
	at org.apache.maven.surefire.testng.TestNGProvider.invoke(TestNGProvider.java:137)
	at org.apache.maven.surefire.booter.ForkedBooter.runSuitesInProcess(ForkedBooter.java:385)
	at org.apache.maven.surefire.booter.ForkedBooter.execute(ForkedBooter.java:162)
	at org.apache.maven.surefire.booter.ForkedBooter.run(ForkedBooter.java:507)
	at org.apache.maven.surefire.booter.ForkedBooter.main(ForkedBooter.java:495)
Caused by: java.lang.ClassNotFoundException: com.avenstack.extentreports.cucumber.adapter.ExtentCucumberAdapter
	at java.base/jdk.internal.loader.BuiltinClassLoader.loadClass(BuiltinClassLoader.java:641)
	at java.base/jdk.internal.loader.ClassLoaders$AppClassLoader.loadClass(ClassLoaders.java:188)
	at java.base/java.lang.ClassLoader.loadClass(ClassLoader.java:520)
	at io.cucumber.core.options.PluginOption.parsePluginName(PluginOption.java:139)
	... 37 more
]]></failure>
  </testcase>
</testsuite>